#
# There is insufficient memory for the Java Runtime Environment to continue.
# Native memory allocation (malloc) failed to allocate 2417728 bytes for Chunk::new
# Possible reasons:
#   The system is out of physical RAM or swap space
#   The process is running with CompressedOops enabled, and the Java Heap may be blocking the growth of the native heap
# Possible solutions:
#   Reduce memory load on the system
#   Increase physical memory or swap space
#   Check if swap backing store is full
#   Decrease Java heap size (-Xmx/-Xms)
#   Decrease number of Java threads
#   Decrease Java thread stack sizes (-Xss)
#   Set larger code cache with -XX:ReservedCodeCacheSize=
#   JVM is running with Unscaled Compressed Oops mode in which the Java heap is
#     placed in the first 4GB address space. The Java Heap base address is the
#     maximum limit for the native heap growth. Please use -XX:HeapBaseMinAddress
#     to set the Java Heap base and to place the Java Heap above 4GB virtual address.
# This output file may be truncated or incomplete.
#
#  Out of Memory Error (arena.cpp:168), pid=13384, tid=20592
#
# JRE version: Java(TM) SE Runtime Environment (21.0.7+8) (build 21.0.7+8-LTS-245)
# Java VM: Java HotSpot(TM) 64-Bit Server VM (21.0.7+8-LTS-245, mixed mode, sharing, tiered, compressed oops, compressed class ptrs, parallel gc, windows-amd64)
# No core dump will be written. Minidumps are not enabled by default on client versions of Windows
#

---------------  S U M M A R Y ------------

Command Line: --add-modules=ALL-SYSTEM --add-opens=java.base/java.util=ALL-UNNAMED --add-opens=java.base/java.lang=ALL-UNNAMED --add-opens=java.base/sun.nio.fs=ALL-UNNAMED -Declipse.application=org.eclipse.jdt.ls.core.id1 -Dosgi.bundles.defaultStartLevel=4 -Declipse.product=org.eclipse.jdt.ls.core.product -Djava.import.generatesMetadataFilesAtProjectRoot=false -DDetectVMInstallationsJob.disabled=true -Dfile.encoding=utf8 -XX:+UseParallelGC -XX:GCTimeRatio=4 -XX:AdaptiveSizePolicyWeight=90 -Dsun.zip.disableMemoryMapping=true -Xmx1G -Xms100m -Xlog:disable -javaagent:c:\Users\junio\.vscode\extensions\redhat.java-1.41.1-win32-x64\lombok\lombok-1.18.36.jar -XX:+HeapDumpOnOutOfMemoryError -XX:HeapDumpPath=c:\Users\junio\AppData\Roaming\Code\User\workspaceStorage\07697f5fdff86dc581077ef0032e7e10\redhat.java -Daether.dependencyCollector.impl=bf c:\Users\junio\.vscode\extensions\redhat.java-1.41.1-win32-x64\server\plugins\org.eclipse.equinox.launcher_1.7.0.v20250331-1702.jar -configuration c:\Users\junio\AppData\Roaming\Code\User\globalStorage\redhat.java\1.41.1\config_win -data c:\Users\junio\AppData\Roaming\Code\User\workspaceStorage\07697f5fdff86dc581077ef0032e7e10\redhat.java\jdt_ws --pipe=\\.\pipe\lsp-aa2635714c0f9effa116807c7792519c-sock

Host: 11th Gen Intel(R) Core(TM) i7-1165G7 @ 2.80GHz, 8 cores, 15G,  Windows 11 , 64 bit Build 26100 (10.0.26100.3912)
Time: Mon May 12 10:52:55 2025 Afrique du Sud elapsed time: 9.655435 seconds (0d 0h 0m 9s)

---------------  T H R E A D  ---------------

Current thread (0x0000020ff5a660b0):  JavaThread "C2 CompilerThread0" daemon [_thread_in_native, id=20592, stack(0x0000005b24600000,0x0000005b24700000) (1024K)]


Current CompileTask:
C2:   9655 8716       4       org.eclipse.jdt.internal.compiler.lookup.BinaryTypeBinding::createMethod (1720 bytes)

Stack: [0x0000005b24600000,0x0000005b24700000]
Native frames: (J=compiled Java code, j=interpreted, Vv=VM code, C=native code)
V  [jvm.dll+0x6cae19]
V  [jvm.dll+0x855741]
V  [jvm.dll+0x857c6e]
V  [jvm.dll+0x858343]
V  [jvm.dll+0x27e0b6]
V  [jvm.dll+0xc4ecd]
V  [jvm.dll+0xc5403]
V  [jvm.dll+0x3b578c]
V  [jvm.dll+0x1dfa19]
V  [jvm.dll+0x246c82]
V  [jvm.dll+0x24610f]
V  [jvm.dll+0x1c6efe]
V  [jvm.dll+0x255819]
V  [jvm.dll+0x253daa]
V  [jvm.dll+0x3eebb6]
V  [jvm.dll+0x7ffa1b]
V  [jvm.dll+0x6c94fd]
C  [ucrtbase.dll+0x37b0]
C  [KERNEL32.DLL+0x2e8d7]
C  [ntdll.dll+0x9c5dc]


---------------  P R O C E S S  ---------------

Threads class SMR info:
_java_thread_list=0x0000020ffddfa4b0, length=61, elements={
0x0000020feb40ac40, 0x0000020ff5a5bcc0, 0x0000020ff5a5e200, 0x0000020ff5a5ef70,
0x0000020ff5a5fbc0, 0x0000020ff5a60810, 0x0000020ff5a63270, 0x0000020ff5a660b0,
0x0000020ff5a98720, 0x0000020ff763d000, 0x0000020ff7698910, 0x0000020ff7926f20,
0x0000020ffc8ce780, 0x0000020ffc97ee60, 0x0000020ffc08cc40, 0x0000020ffc5760e0,
0x0000020ffcdafd80, 0x0000020ffce02760, 0x0000020ffce04480, 0x0000020ffce04b10,
0x0000020ffce030d0, 0x0000020ffce03760, 0x0000020ffce05ec0, 0x0000020ffce051a0,
0x0000020ffce03df0, 0x0000020ffce05830, 0x0000020ffce06550, 0x0000020fffa470c0,
0x0000020fffa46a30, 0x0000020fffa442d0, 0x0000020fffa47750, 0x0000020fffa463a0,
0x0000020fffa47de0, 0x0000020fffa45d10, 0x0000020ffe7178c0, 0x0000020fffa44960,
0x0000020fffa44ff0, 0x0000020fffa48b00, 0x0000020fffa45680, 0x0000020fffa4b8f0,
0x0000020fffa4abd0, 0x0000020fffa4b260, 0x0000020ffe5fe560, 0x0000020ffe602070,
0x0000020ffe5fffa0, 0x0000020ffe601350, 0x0000020ffe600cc0, 0x0000020ffe5febf0,
0x0000020ffe6019e0, 0x0000020ffe5ff910, 0x0000020ffe600630, 0x0000020ffe602700,
0x0000020ffe5ff280, 0x0000020ffe603420, 0x0000020ffe605b80, 0x0000020ffe6054f0,
0x0000020ffe602d90, 0x0000020ffe604140, 0x0000020ffe6047d0, 0x0000020ffe604e60,
0x0000020fffa49190
}

Java Threads: ( => current thread )
  0x0000020feb40ac40 JavaThread "main"                              [_thread_blocked, id=21676, stack(0x0000005b23c00000,0x0000005b23d00000) (1024K)]
  0x0000020ff5a5bcc0 JavaThread "Reference Handler"          daemon [_thread_blocked, id=5596, stack(0x0000005b24000000,0x0000005b24100000) (1024K)]
  0x0000020ff5a5e200 JavaThread "Finalizer"                  daemon [_thread_blocked, id=15812, stack(0x0000005b24100000,0x0000005b24200000) (1024K)]
  0x0000020ff5a5ef70 JavaThread "Signal Dispatcher"          daemon [_thread_blocked, id=21176, stack(0x0000005b24200000,0x0000005b24300000) (1024K)]
  0x0000020ff5a5fbc0 JavaThread "Attach Listener"            daemon [_thread_blocked, id=1560, stack(0x0000005b24300000,0x0000005b24400000) (1024K)]
  0x0000020ff5a60810 JavaThread "Service Thread"             daemon [_thread_blocked, id=18560, stack(0x0000005b24400000,0x0000005b24500000) (1024K)]
  0x0000020ff5a63270 JavaThread "Monitor Deflation Thread"   daemon [_thread_blocked, id=7772, stack(0x0000005b24500000,0x0000005b24600000) (1024K)]
=>0x0000020ff5a660b0 JavaThread "C2 CompilerThread0"         daemon [_thread_in_native, id=20592, stack(0x0000005b24600000,0x0000005b24700000) (1024K)]
  0x0000020ff5a98720 JavaThread "C1 CompilerThread0"         daemon [_thread_blocked, id=14632, stack(0x0000005b24700000,0x0000005b24800000) (1024K)]
  0x0000020ff763d000 JavaThread "Common-Cleaner"             daemon [_thread_blocked, id=10568, stack(0x0000005b24800000,0x0000005b24900000) (1024K)]
  0x0000020ff7698910 JavaThread "C2 CompilerThread1"         daemon [_thread_blocked, id=3936, stack(0x0000005b24900000,0x0000005b24a00000) (1024K)]
  0x0000020ff7926f20 JavaThread "Notification Thread"        daemon [_thread_blocked, id=2696, stack(0x0000005b24a00000,0x0000005b24b00000) (1024K)]
  0x0000020ffc8ce780 JavaThread "Active Thread: Equinox Container: e0f31fd5-c4c5-4374-80eb-ea08ad49d3f4"        [_thread_blocked, id=9848, stack(0x0000005b25200000,0x0000005b25300000) (1024K)]
  0x0000020ffc97ee60 JavaThread "Refresh Thread: Equinox Container: e0f31fd5-c4c5-4374-80eb-ea08ad49d3f4" daemon [_thread_blocked, id=4240, stack(0x0000005b25300000,0x0000005b25400000) (1024K)]
  0x0000020ffc08cc40 JavaThread "Framework Event Dispatcher: Equinox Container: e0f31fd5-c4c5-4374-80eb-ea08ad49d3f4" daemon [_thread_blocked, id=4300, stack(0x0000005b25500000,0x0000005b25600000) (1024K)]
  0x0000020ffc5760e0 JavaThread "Start Level: Equinox Container: e0f31fd5-c4c5-4374-80eb-ea08ad49d3f4" daemon [_thread_blocked, id=16980, stack(0x0000005b25600000,0x0000005b25700000) (1024K)]
  0x0000020ffcdafd80 JavaThread "Bundle File Closer"         daemon [_thread_blocked, id=19872, stack(0x0000005b25700000,0x0000005b25800000) (1024K)]
  0x0000020ffce02760 JavaThread "SCR Component Actor"        daemon [_thread_blocked, id=2880, stack(0x0000005b25800000,0x0000005b25900000) (1024K)]
  0x0000020ffce04480 JavaThread "Worker-JM"                         [_thread_blocked, id=11128, stack(0x0000005b24b00000,0x0000005b24c00000) (1024K)]
  0x0000020ffce04b10 JavaThread "JNA Cleaner"                daemon [_thread_blocked, id=11372, stack(0x0000005b25a00000,0x0000005b25b00000) (1024K)]
  0x0000020ffce030d0 JavaThread "Worker-0"                          [_thread_blocked, id=7448, stack(0x0000005b25b00000,0x0000005b25c00000) (1024K)]
  0x0000020ffce03760 JavaThread "Worker-1"                          [_thread_blocked, id=3084, stack(0x0000005b25c00000,0x0000005b25d00000) (1024K)]
  0x0000020ffce05ec0 JavaThread "Java indexing"              daemon [_thread_blocked, id=2916, stack(0x0000005b25d00000,0x0000005b25e00000) (1024K)]
  0x0000020ffce051a0 JavaThread "Worker-2"                          [_thread_blocked, id=17652, stack(0x0000005b26000000,0x0000005b26100000) (1024K)]
  0x0000020ffce03df0 JavaThread "Worker-3: Java indexing... "        [_thread_blocked, id=1668, stack(0x0000005b26100000,0x0000005b26200000) (1024K)]
  0x0000020ffce05830 JavaThread "Thread-2"                   daemon [_thread_in_native, id=19400, stack(0x0000005b26200000,0x0000005b26300000) (1024K)]
  0x0000020ffce06550 JavaThread "Thread-3"                   daemon [_thread_in_native, id=11016, stack(0x0000005b26300000,0x0000005b26400000) (1024K)]
  0x0000020fffa470c0 JavaThread "Thread-4"                   daemon [_thread_in_native, id=12676, stack(0x0000005b26400000,0x0000005b26500000) (1024K)]
  0x0000020fffa46a30 JavaThread "Thread-5"                   daemon [_thread_in_native, id=14312, stack(0x0000005b26500000,0x0000005b26600000) (1024K)]
  0x0000020fffa442d0 JavaThread "Thread-6"                   daemon [_thread_in_native, id=6568, stack(0x0000005b26600000,0x0000005b26700000) (1024K)]
  0x0000020fffa47750 JavaThread "Thread-7"                   daemon [_thread_in_native, id=22332, stack(0x0000005b26700000,0x0000005b26800000) (1024K)]
  0x0000020fffa463a0 JavaThread "Thread-8"                   daemon [_thread_in_native, id=15148, stack(0x0000005b26800000,0x0000005b26900000) (1024K)]
  0x0000020fffa47de0 JavaThread "Thread-9"                   daemon [_thread_in_native, id=11604, stack(0x0000005b26900000,0x0000005b26a00000) (1024K)]
  0x0000020fffa45d10 JavaThread "Thread-10"                  daemon [_thread_in_native, id=11876, stack(0x0000005b26a00000,0x0000005b26b00000) (1024K)]
  0x0000020ffe7178c0 JavaThread "C2 CompilerThread2"         daemon [_thread_blocked, id=20772, stack(0x0000005b26b00000,0x0000005b26c00000) (1024K)]
  0x0000020fffa44960 JavaThread "pool-2-thread-1"                   [_thread_blocked, id=18248, stack(0x0000005b26c00000,0x0000005b26d00000) (1024K)]
  0x0000020fffa44ff0 JavaThread "Worker-4"                          [_thread_blocked, id=11528, stack(0x0000005b26e00000,0x0000005b26f00000) (1024K)]
  0x0000020fffa48b00 JavaThread "WorkspaceEventsHandler"            [_thread_blocked, id=11636, stack(0x0000005b26f00000,0x0000005b27000000) (1024K)]
  0x0000020fffa45680 JavaThread "pool-1-thread-1"                   [_thread_blocked, id=3876, stack(0x0000005b27000000,0x0000005b27100000) (1024K)]
  0x0000020fffa4b8f0 JavaThread "Worker-5: Building"                [_thread_blocked, id=11704, stack(0x0000005b27100000,0x0000005b27200000) (1024K)]
  0x0000020fffa4abd0 JavaThread "LocalFile Deleter"          daemon [_thread_blocked, id=10004, stack(0x0000005b27200000,0x0000005b27300000) (1024K)]
  0x0000020fffa4b260 JavaThread "LocalFile Deleter"          daemon [_thread_blocked, id=20432, stack(0x0000005b27300000,0x0000005b27400000) (1024K)]
  0x0000020ffe5fe560 JavaThread "LocalFile Deleter"          daemon [_thread_blocked, id=19880, stack(0x0000005b27400000,0x0000005b27500000) (1024K)]
  0x0000020ffe602070 JavaThread "LocalFile Deleter"          daemon [_thread_blocked, id=2892, stack(0x0000005b27500000,0x0000005b27600000) (1024K)]
  0x0000020ffe5fffa0 JavaThread "LocalFile Deleter"          daemon [_thread_blocked, id=10380, stack(0x0000005b27600000,0x0000005b27700000) (1024K)]
  0x0000020ffe601350 JavaThread "LocalFile Deleter"          daemon [_thread_blocked, id=6280, stack(0x0000005b27700000,0x0000005b27800000) (1024K)]
  0x0000020ffe600cc0 JavaThread "LocalFile Deleter"          daemon [_thread_blocked, id=17768, stack(0x0000005b27800000,0x0000005b27900000) (1024K)]
  0x0000020ffe5febf0 JavaThread "LocalFile Deleter"          daemon [_thread_blocked, id=13276, stack(0x0000005b27900000,0x0000005b27a00000) (1024K)]
  0x0000020ffe6019e0 JavaThread "Compiler Source File Reader" daemon [_thread_blocked, id=14868, stack(0x0000005b27a00000,0x0000005b27b00000) (1024K)]
  0x0000020ffe5ff910 JavaThread "Compiler Source File Reader" daemon [_thread_blocked, id=4652, stack(0x0000005b27b00000,0x0000005b27c00000) (1024K)]
  0x0000020ffe600630 JavaThread "Compiler Source File Reader" daemon [_thread_blocked, id=2332, stack(0x0000005b27c00000,0x0000005b27d00000) (1024K)]
  0x0000020ffe602700 JavaThread "Compiler Source File Reader" daemon [_thread_blocked, id=18980, stack(0x0000005b27d00000,0x0000005b27e00000) (1024K)]
  0x0000020ffe5ff280 JavaThread "Compiler Source File Reader" daemon [_thread_blocked, id=1892, stack(0x0000005b27e00000,0x0000005b27f00000) (1024K)]
  0x0000020ffe603420 JavaThread "Compiler Source File Reader" daemon [_thread_blocked, id=21420, stack(0x0000005b27f00000,0x0000005b28000000) (1024K)]
  0x0000020ffe605b80 JavaThread "Compiler Processing Task"   daemon [_thread_blocked, id=19952, stack(0x0000005b28000000,0x0000005b28100000) (1024K)]
  0x0000020ffe6054f0 JavaThread "Compiler Class File Writer" daemon [_thread_blocked, id=3100, stack(0x0000005b28100000,0x0000005b28200000) (1024K)]
  0x0000020ffe602d90 JavaThread "Compiler Class File Writer" daemon [_thread_blocked, id=21944, stack(0x0000005b28200000,0x0000005b28300000) (1024K)]
  0x0000020ffe604140 JavaThread "Compiler Class File Writer" daemon [_thread_blocked, id=12316, stack(0x0000005b28300000,0x0000005b28400000) (1024K)]
  0x0000020ffe6047d0 JavaThread "Compiler Class File Writer" daemon [_thread_blocked, id=4928, stack(0x0000005b28400000,0x0000005b28500000) (1024K)]
  0x0000020ffe604e60 JavaThread "Compiler Class File Writer" daemon [_thread_blocked, id=11476, stack(0x0000005b28500000,0x0000005b28600000) (1024K)]
  0x0000020fffa49190 JavaThread "Compiler Class File Writer" daemon [_thread_blocked, id=22340, stack(0x0000005b28600000,0x0000005b28700000) (1024K)]
Total: 61

Other Threads:
  0x0000020feb4ce920 VMThread "VM Thread"                           [id=3400, stack(0x0000005b23f00000,0x0000005b24000000) (1024K)]
  0x0000020ff597c950 WatcherThread "VM Periodic Task Thread"        [id=6132, stack(0x0000005b23e00000,0x0000005b23f00000) (1024K)]
  0x0000020feb429340 WorkerThread "GC Thread#0"                     [id=7776, stack(0x0000005b23d00000,0x0000005b23e00000) (1024K)]
  0x0000020ffc6271b0 WorkerThread "GC Thread#1"                     [id=8548, stack(0x0000005b24c00000,0x0000005b24d00000) (1024K)]
  0x0000020ffc627550 WorkerThread "GC Thread#2"                     [id=21876, stack(0x0000005b24d00000,0x0000005b24e00000) (1024K)]
  0x0000020ff79598c0 WorkerThread "GC Thread#3"                     [id=7572, stack(0x0000005b24e00000,0x0000005b24f00000) (1024K)]
  0x0000020ffc629930 WorkerThread "GC Thread#4"                     [id=18888, stack(0x0000005b24f00000,0x0000005b25000000) (1024K)]
  0x0000020ffc629cd0 WorkerThread "GC Thread#5"                     [id=10868, stack(0x0000005b25000000,0x0000005b25100000) (1024K)]
  0x0000020ffc771430 WorkerThread "GC Thread#6"                     [id=9100, stack(0x0000005b25100000,0x0000005b25200000) (1024K)]
  0x0000020ffc70b9c0 WorkerThread "GC Thread#7"                     [id=7256, stack(0x0000005b25400000,0x0000005b25500000) (1024K)]
Total: 10

Threads with active compile tasks:
C2 CompilerThread0     9673 8716       4       org.eclipse.jdt.internal.compiler.lookup.BinaryTypeBinding::createMethod (1720 bytes)
C2 CompilerThread1     9673 9442       4       java.nio.Buffer::checkSession (14 bytes)
C2 CompilerThread2     9674 9440   !   4       java.util.concurrent.ConcurrentHashMap::replaceNode (437 bytes)
Total: 3

VM state: at safepoint (normal execution)

VM Mutex/Monitor currently owned by a thread:  ([mutex/lock_event])
[0x00007ffca37cde50] Threads_lock - owner thread: 0x0000020feb4ce920
[0x00007ffca37cdf50] Heap_lock - owner thread: 0x0000020ffce05ec0

Heap address: 0x00000000c0000000, size: 1024 MB, Compressed Oops mode: 32-bit

CDS archive(s) mapped at: [0x0000020f8f000000-0x0000020f8fc90000-0x0000020f8fc90000), size 13172736, SharedBaseAddress: 0x0000020f8f000000, ArchiveRelocationMode: 1.
Compressed class space mapped at: 0x0000020f90000000-0x0000020fd0000000, reserved size: 1073741824
Narrow klass base: 0x0000020f8f000000, Narrow klass shift: 0, Narrow klass range: 0x100000000

GC Precious Log:
 CardTable entry size: 512
 CPUs: 8 total, 8 available
 Memory: 16057M
 Large Page Support: Disabled
 NUMA Support: Disabled
 Compressed Oops: Enabled (32-bit)
 Alignments: Space 512K, Generation 512K, Heap 2M
 Heap Min Capacity: 100M
 Heap Initial Capacity: 100M
 Heap Max Capacity: 1G
 Pre-touch: Disabled
 Parallel Workers: 8

Heap:
 PSYoungGen      total 9216K, used 2025K [0x00000000eab00000, 0x00000000eb600000, 0x0000000100000000)
  eden space 7168K, 0% used [0x00000000eab00000,0x00000000eab00000,0x00000000eb200000)
  from space 2048K, 98% used [0x00000000eb200000,0x00000000eb3fa480,0x00000000eb400000)
  to   space 2048K, 0% used [0x00000000eb400000,0x00000000eb400000,0x00000000eb600000)
 ParOldGen       total 153088K, used 128918K [0x00000000c0000000, 0x00000000c9580000, 0x00000000eab00000)
  object space 153088K, 84% used [0x00000000c0000000,0x00000000c7de5808,0x00000000c9580000)
 Metaspace       used 60566K, committed 61888K, reserved 1114112K
  class space    used 6190K, committed 6784K, reserved 1048576K

Card table byte_map: [0x0000020feadb0000,0x0000020feafc0000] _byte_map_base: 0x0000020fea7b0000

Marking Bits: (ParMarkBitMap*) 0x00007ffca37d2da0
 Begin Bits: [0x0000020ff38a0000, 0x0000020ff48a0000)
 End Bits:   [0x0000020ff48a0000, 0x0000020ff58a0000)

Polling page: 0x0000020feaad0000

Metaspace:

Usage:
  Non-class:     53.10 MB used.
      Class:      6.05 MB used.
       Both:     59.15 MB used.

Virtual space:
  Non-class space:       64.00 MB reserved,      53.81 MB ( 84%) committed,  1 nodes.
      Class space:        1.00 GB reserved,       6.62 MB ( <1%) committed,  1 nodes.
             Both:        1.06 GB reserved,      60.44 MB (  6%) committed. 

Chunk freelists:
   Non-Class:  9.72 MB
       Class:  9.23 MB
        Both:  18.94 MB

MaxMetaspaceSize: unlimited
CompressedClassSpaceSize: 1.00 GB
Initial GC threshold: 21.00 MB
Current GC threshold: 100.56 MB
CDS: on
 - commit_granule_bytes: 65536.
 - commit_granule_words: 8192.
 - virtual_space_node_default_size: 8388608.
 - enlarge_chunks_in_place: 1.
 - use_allocation_guard: 0.


Internal statistics:

num_allocs_failed_limit: 6.
num_arena_births: 1100.
num_arena_deaths: 14.
num_vsnodes_births: 2.
num_vsnodes_deaths: 0.
num_space_committed: 967.
num_space_uncommitted: 0.
num_chunks_returned_to_freelist: 20.
num_chunks_taken_from_freelist: 3811.
num_chunk_merges: 12.
num_chunk_splits: 2331.
num_chunks_enlarged: 1265.
num_inconsistent_stats: 0.

CodeHeap 'non-profiled nmethods': size=120000Kb used=4438Kb max_used=4503Kb free=115561Kb
 bounds [0x0000020f87ad0000, 0x0000020f87f50000, 0x0000020f8f000000]
CodeHeap 'profiled nmethods': size=120000Kb used=15367Kb max_used=16124Kb free=104632Kb
 bounds [0x0000020f80000000, 0x0000020f81000000, 0x0000020f87530000]
CodeHeap 'non-nmethods': size=5760Kb used=1446Kb max_used=1508Kb free=4313Kb
 bounds [0x0000020f87530000, 0x0000020f877a0000, 0x0000020f87ad0000]
 total_blobs=8495 nmethods=7748 adapters=653
 compilation: enabled
              stopped_count=0, restarted_count=0
 full_count=0

Compilation events (20 events):
Event: 8.624 Thread 0x0000020ff5a98720 9433       3       com.google.common.collect.MapMakerInternalMap::hash (14 bytes)
Event: 8.625 Thread 0x0000020ff5a98720 nmethod 9433 0x0000020f80851890 code [0x0000020f80851a60, 0x0000020f80851d10]
Event: 8.625 Thread 0x0000020ff5a98720 9434       3       com.google.common.collect.MapMakerInternalMap::segmentFor (17 bytes)
Event: 8.625 Thread 0x0000020ff5a98720 nmethod 9434 0x0000020f80b08310 code [0x0000020f80b084c0, 0x0000020f80b08600]
Event: 8.625 Thread 0x0000020ff5a98720 9437       3       org.eclipse.sisu.inject.RankedSequence::insert (44 bytes)
Event: 8.625 Thread 0x0000020ff5a98720 nmethod 9437 0x0000020f80852d90 code [0x0000020f80852f80, 0x0000020f808532e8]
Event: 8.625 Thread 0x0000020ff5a98720 9438       3       org.eclipse.sisu.inject.RankedSequence::rank2uid (15 bytes)
Event: 8.625 Thread 0x0000020ff5a98720 nmethod 9438 0x0000020f80599c90 code [0x0000020f80599e20, 0x0000020f80599f30]
Event: 8.625 Thread 0x0000020ff5a98720 9439       3       org.eclipse.sisu.inject.RankedBindings::add (10 bytes)
Event: 8.625 Thread 0x0000020ff5a98720 nmethod 9439 0x0000020f80bb1490 code [0x0000020f80bb1640, 0x0000020f80bb1780]
Event: 8.628 Thread 0x0000020ff7698910 nmethod 9435 0x0000020f87eec690 code [0x0000020f87eec840, 0x0000020f87eecb60]
Event: 8.628 Thread 0x0000020ff7698910 9436       4       java.util.concurrent.ConcurrentHashMap$EntryIterator::next (51 bytes)
Event: 8.631 Thread 0x0000020ffe7178c0 nmethod 9398 0x0000020f87eea290 code [0x0000020f87eea500, 0x0000020f87eebc08]
Event: 8.631 Thread 0x0000020ff5a98720 9441       3       org.eclipse.jdt.internal.core.search.indexing.AbstractIndexer::addEnumDeclaration (114 bytes)
Event: 8.631 Thread 0x0000020ffe7178c0 9440   !   4       java.util.concurrent.ConcurrentHashMap::replaceNode (437 bytes)
Event: 8.632 Thread 0x0000020ff7698910 nmethod 9436 0x0000020f87ee9910 code [0x0000020f87ee9ac0, 0x0000020f87ee9de0]
Event: 8.632 Thread 0x0000020ff7698910 9148       4       sun.nio.cs.UTF_8$Decoder::xflow (31 bytes)
Event: 8.632 Thread 0x0000020ff5a98720 nmethod 9441 0x0000020f8026b910 code [0x0000020f8026bc60, 0x0000020f8026d1d8]
Event: 8.636 Thread 0x0000020ff7698910 nmethod 9148 0x0000020f87de0d10 code [0x0000020f87de0f20, 0x0000020f87de1530]
Event: 8.640 Thread 0x0000020ff7698910 9442       4       java.nio.Buffer::checkSession (14 bytes)

GC Heap History (20 events):
Event: 8.389 GC heap after
{Heap after GC invocations=79 (full 5):
 PSYoungGen      total 10752K, used 2002K [0x00000000eab00000, 0x00000000eb900000, 0x0000000100000000)
  eden space 8704K, 0% used [0x00000000eab00000,0x00000000eab00000,0x00000000eb380000)
  from space 2048K, 97% used [0x00000000eb400000,0x00000000eb5f49d0,0x00000000eb600000)
  to   space 2560K, 0% used [0x00000000eb680000,0x00000000eb680000,0x00000000eb900000)
 ParOldGen       total 140800K, used 130584K [0x00000000c0000000, 0x00000000c8980000, 0x00000000eab00000)
  object space 140800K, 92% used [0x00000000c0000000,0x00000000c7f86340,0x00000000c8980000)
 Metaspace       used 60221K, committed 61504K, reserved 1114112K
  class space    used 6156K, committed 6720K, reserved 1048576K
}
Event: 8.403 GC heap before
{Heap before GC invocations=80 (full 5):
 PSYoungGen      total 10752K, used 10706K [0x00000000eab00000, 0x00000000eb900000, 0x0000000100000000)
  eden space 8704K, 100% used [0x00000000eab00000,0x00000000eb380000,0x00000000eb380000)
  from space 2048K, 97% used [0x00000000eb400000,0x00000000eb5f49d0,0x00000000eb600000)
  to   space 2560K, 0% used [0x00000000eb680000,0x00000000eb680000,0x00000000eb900000)
 ParOldGen       total 140800K, used 130584K [0x00000000c0000000, 0x00000000c8980000, 0x00000000eab00000)
  object space 140800K, 92% used [0x00000000c0000000,0x00000000c7f86340,0x00000000c8980000)
 Metaspace       used 60230K, committed 61504K, reserved 1114112K
  class space    used 6156K, committed 6720K, reserved 1048576K
}
Event: 8.404 GC heap after
{Heap after GC invocations=80 (full 5):
 PSYoungGen      total 10752K, used 1558K [0x00000000eab00000, 0x00000000eb880000, 0x0000000100000000)
  eden space 8704K, 0% used [0x00000000eab00000,0x00000000eab00000,0x00000000eb380000)
  from space 2048K, 76% used [0x00000000eb680000,0x00000000eb805b30,0x00000000eb880000)
  to   space 2048K, 0% used [0x00000000eb400000,0x00000000eb400000,0x00000000eb600000)
 ParOldGen       total 140800K, used 132440K [0x00000000c0000000, 0x00000000c8980000, 0x00000000eab00000)
  object space 140800K, 94% used [0x00000000c0000000,0x00000000c81560d0,0x00000000c8980000)
 Metaspace       used 60230K, committed 61504K, reserved 1114112K
  class space    used 6156K, committed 6720K, reserved 1048576K
}
Event: 8.417 GC heap before
{Heap before GC invocations=81 (full 5):
 PSYoungGen      total 10752K, used 10260K [0x00000000eab00000, 0x00000000eb880000, 0x0000000100000000)
  eden space 8704K, 99% used [0x00000000eab00000,0x00000000eb37f6a8,0x00000000eb380000)
  from space 2048K, 76% used [0x00000000eb680000,0x00000000eb805b30,0x00000000eb880000)
  to   space 2048K, 0% used [0x00000000eb400000,0x00000000eb400000,0x00000000eb600000)
 ParOldGen       total 140800K, used 132440K [0x00000000c0000000, 0x00000000c8980000, 0x00000000eab00000)
  object space 140800K, 94% used [0x00000000c0000000,0x00000000c81560d0,0x00000000c8980000)
 Metaspace       used 60234K, committed 61504K, reserved 1114112K
  class space    used 6156K, committed 6720K, reserved 1048576K
}
Event: 8.419 GC heap after
{Heap after GC invocations=81 (full 5):
 PSYoungGen      total 10240K, used 1441K [0x00000000eab00000, 0x00000000eb700000, 0x0000000100000000)
  eden space 8704K, 0% used [0x00000000eab00000,0x00000000eab00000,0x00000000eb380000)
  from space 1536K, 93% used [0x00000000eb400000,0x00000000eb568558,0x00000000eb580000)
  to   space 1536K, 0% used [0x00000000eb580000,0x00000000eb580000,0x00000000eb700000)
 ParOldGen       total 140800K, used 133785K [0x00000000c0000000, 0x00000000c8980000, 0x00000000eab00000)
  object space 140800K, 95% used [0x00000000c0000000,0x00000000c82a6610,0x00000000c8980000)
 Metaspace       used 60234K, committed 61504K, reserved 1114112K
  class space    used 6156K, committed 6720K, reserved 1048576K
}
Event: 8.436 GC heap before
{Heap before GC invocations=82 (full 5):
 PSYoungGen      total 10240K, used 10145K [0x00000000eab00000, 0x00000000eb700000, 0x0000000100000000)
  eden space 8704K, 100% used [0x00000000eab00000,0x00000000eb380000,0x00000000eb380000)
  from space 1536K, 93% used [0x00000000eb400000,0x00000000eb568558,0x00000000eb580000)
  to   space 1536K, 0% used [0x00000000eb580000,0x00000000eb580000,0x00000000eb700000)
 ParOldGen       total 140800K, used 133785K [0x00000000c0000000, 0x00000000c8980000, 0x00000000eab00000)
  object space 140800K, 95% used [0x00000000c0000000,0x00000000c82a6610,0x00000000c8980000)
 Metaspace       used 60249K, committed 61504K, reserved 1114112K
  class space    used 6156K, committed 6720K, reserved 1048576K
}
Event: 8.437 GC heap after
{Heap after GC invocations=82 (full 5):
 PSYoungGen      total 8704K, used 1524K [0x00000000eab00000, 0x00000000eba80000, 0x0000000100000000)
  eden space 7168K, 0% used [0x00000000eab00000,0x00000000eab00000,0x00000000eb200000)
  from space 1536K, 99% used [0x00000000eb580000,0x00000000eb6fd168,0x00000000eb700000)
  to   space 3584K, 0% used [0x00000000eb200000,0x00000000eb200000,0x00000000eb580000)
 ParOldGen       total 140800K, used 135127K [0x00000000c0000000, 0x00000000c8980000, 0x00000000eab00000)
  object space 140800K, 95% used [0x00000000c0000000,0x00000000c83f5c28,0x00000000c8980000)
 Metaspace       used 60249K, committed 61504K, reserved 1114112K
  class space    used 6156K, committed 6720K, reserved 1048576K
}
Event: 8.449 GC heap before
{Heap before GC invocations=83 (full 5):
 PSYoungGen      total 8704K, used 8691K [0x00000000eab00000, 0x00000000eba80000, 0x0000000100000000)
  eden space 7168K, 99% used [0x00000000eab00000,0x00000000eb1ffb78,0x00000000eb200000)
  from space 1536K, 99% used [0x00000000eb580000,0x00000000eb6fd168,0x00000000eb700000)
  to   space 3584K, 0% used [0x00000000eb200000,0x00000000eb200000,0x00000000eb580000)
 ParOldGen       total 140800K, used 135127K [0x00000000c0000000, 0x00000000c8980000, 0x00000000eab00000)
  object space 140800K, 95% used [0x00000000c0000000,0x00000000c83f5c28,0x00000000c8980000)
 Metaspace       used 60268K, committed 61568K, reserved 1114112K
  class space    used 6156K, committed 6720K, reserved 1048576K
}
Event: 8.452 GC heap after
{Heap after GC invocations=83 (full 5):
 PSYoungGen      total 8704K, used 1246K [0x00000000eab00000, 0x00000000eb600000, 0x0000000100000000)
  eden space 7168K, 0% used [0x00000000eab00000,0x00000000eab00000,0x00000000eb200000)
  from space 1536K, 81% used [0x00000000eb200000,0x00000000eb337aa8,0x00000000eb380000)
  to   space 2048K, 0% used [0x00000000eb400000,0x00000000eb400000,0x00000000eb600000)
 ParOldGen       total 140800K, used 136596K [0x00000000c0000000, 0x00000000c8980000, 0x00000000eab00000)
  object space 140800K, 97% used [0x00000000c0000000,0x00000000c85651d0,0x00000000c8980000)
 Metaspace       used 60268K, committed 61568K, reserved 1114112K
  class space    used 6156K, committed 6720K, reserved 1048576K
}
Event: 8.464 GC heap before
{Heap before GC invocations=84 (full 5):
 PSYoungGen      total 8704K, used 8414K [0x00000000eab00000, 0x00000000eb600000, 0x0000000100000000)
  eden space 7168K, 100% used [0x00000000eab00000,0x00000000eb200000,0x00000000eb200000)
  from space 1536K, 81% used [0x00000000eb200000,0x00000000eb337aa8,0x00000000eb380000)
  to   space 2048K, 0% used [0x00000000eb400000,0x00000000eb400000,0x00000000eb600000)
 ParOldGen       total 140800K, used 136596K [0x00000000c0000000, 0x00000000c8980000, 0x00000000eab00000)
  object space 140800K, 97% used [0x00000000c0000000,0x00000000c85651d0,0x00000000c8980000)
 Metaspace       used 60291K, committed 61632K, reserved 1114112K
  class space    used 6162K, committed 6784K, reserved 1048576K
}
Event: 8.465 GC heap after
{Heap after GC invocations=84 (full 5):
 PSYoungGen      total 9216K, used 1534K [0x00000000eab00000, 0x00000000eb600000, 0x0000000100000000)
  eden space 7168K, 0% used [0x00000000eab00000,0x00000000eab00000,0x00000000eb200000)
  from space 2048K, 74% used [0x00000000eb400000,0x00000000eb57fac8,0x00000000eb600000)
  to   space 2048K, 0% used [0x00000000eb200000,0x00000000eb200000,0x00000000eb400000)
 ParOldGen       total 140800K, used 137743K [0x00000000c0000000, 0x00000000c8980000, 0x00000000eab00000)
  object space 140800K, 97% used [0x00000000c0000000,0x00000000c8683e20,0x00000000c8980000)
 Metaspace       used 60291K, committed 61632K, reserved 1114112K
  class space    used 6162K, committed 6784K, reserved 1048576K
}
Event: 8.501 GC heap before
{Heap before GC invocations=85 (full 5):
 PSYoungGen      total 9216K, used 8702K [0x00000000eab00000, 0x00000000eb600000, 0x0000000100000000)
  eden space 7168K, 100% used [0x00000000eab00000,0x00000000eb200000,0x00000000eb200000)
  from space 2048K, 74% used [0x00000000eb400000,0x00000000eb57fac8,0x00000000eb600000)
  to   space 2048K, 0% used [0x00000000eb200000,0x00000000eb200000,0x00000000eb400000)
 ParOldGen       total 140800K, used 137743K [0x00000000c0000000, 0x00000000c8980000, 0x00000000eab00000)
  object space 140800K, 97% used [0x00000000c0000000,0x00000000c8683e20,0x00000000c8980000)
 Metaspace       used 60348K, committed 61696K, reserved 1114112K
  class space    used 6170K, committed 6784K, reserved 1048576K
}
Event: 8.503 GC heap after
{Heap after GC invocations=85 (full 5):
 PSYoungGen      total 9216K, used 1573K [0x00000000eab00000, 0x00000000eb600000, 0x0000000100000000)
  eden space 7168K, 0% used [0x00000000eab00000,0x00000000eab00000,0x00000000eb200000)
  from space 2048K, 76% used [0x00000000eb200000,0x00000000eb389760,0x00000000eb400000)
  to   space 2048K, 0% used [0x00000000eb400000,0x00000000eb400000,0x00000000eb600000)
 ParOldGen       total 140800K, used 139132K [0x00000000c0000000, 0x00000000c8980000, 0x00000000eab00000)
  object space 140800K, 98% used [0x00000000c0000000,0x00000000c87df078,0x00000000c8980000)
 Metaspace       used 60348K, committed 61696K, reserved 1114112K
  class space    used 6170K, committed 6784K, reserved 1048576K
}
Event: 8.539 GC heap before
{Heap before GC invocations=86 (full 5):
 PSYoungGen      total 9216K, used 8741K [0x00000000eab00000, 0x00000000eb600000, 0x0000000100000000)
  eden space 7168K, 100% used [0x00000000eab00000,0x00000000eb200000,0x00000000eb200000)
  from space 2048K, 76% used [0x00000000eb200000,0x00000000eb389760,0x00000000eb400000)
  to   space 2048K, 0% used [0x00000000eb400000,0x00000000eb400000,0x00000000eb600000)
 ParOldGen       total 140800K, used 139132K [0x00000000c0000000, 0x00000000c8980000, 0x00000000eab00000)
  object space 140800K, 98% used [0x00000000c0000000,0x00000000c87df078,0x00000000c8980000)
 Metaspace       used 60424K, committed 61760K, reserved 1114112K
  class space    used 6176K, committed 6784K, reserved 1048576K
}
Event: 8.540 GC heap after
{Heap after GC invocations=86 (full 5):
 PSYoungGen      total 9216K, used 1659K [0x00000000eab00000, 0x00000000eb600000, 0x0000000100000000)
  eden space 7168K, 0% used [0x00000000eab00000,0x00000000eab00000,0x00000000eb200000)
  from space 2048K, 81% used [0x00000000eb400000,0x00000000eb59ed58,0x00000000eb600000)
  to   space 2048K, 0% used [0x00000000eb200000,0x00000000eb200000,0x00000000eb400000)
 ParOldGen       total 140800K, used 140513K [0x00000000c0000000, 0x00000000c8980000, 0x00000000eab00000)
  object space 140800K, 99% used [0x00000000c0000000,0x00000000c8938608,0x00000000c8980000)
 Metaspace       used 60424K, committed 61760K, reserved 1114112K
  class space    used 6176K, committed 6784K, reserved 1048576K
}
Event: 8.540 GC heap before
{Heap before GC invocations=87 (full 6):
 PSYoungGen      total 9216K, used 1659K [0x00000000eab00000, 0x00000000eb600000, 0x0000000100000000)
  eden space 7168K, 0% used [0x00000000eab00000,0x00000000eab00000,0x00000000eb200000)
  from space 2048K, 81% used [0x00000000eb400000,0x00000000eb59ed58,0x00000000eb600000)
  to   space 2048K, 0% used [0x00000000eb200000,0x00000000eb200000,0x00000000eb400000)
 ParOldGen       total 140800K, used 140513K [0x00000000c0000000, 0x00000000c8980000, 0x00000000eab00000)
  object space 140800K, 99% used [0x00000000c0000000,0x00000000c8938608,0x00000000c8980000)
 Metaspace       used 60424K, committed 61760K, reserved 1114112K
  class space    used 6176K, committed 6784K, reserved 1048576K
}
Event: 8.609 GC heap after
{Heap after GC invocations=87 (full 6):
 PSYoungGen      total 9216K, used 0K [0x00000000eab00000, 0x00000000eb600000, 0x0000000100000000)
  eden space 7168K, 0% used [0x00000000eab00000,0x00000000eab00000,0x00000000eb200000)
  from space 2048K, 0% used [0x00000000eb200000,0x00000000eb200000,0x00000000eb400000)
  to   space 2048K, 0% used [0x00000000eb400000,0x00000000eb400000,0x00000000eb600000)
 ParOldGen       total 153088K, used 127641K [0x00000000c0000000, 0x00000000c9580000, 0x00000000eab00000)
  object space 153088K, 83% used [0x00000000c0000000,0x00000000c7ca67d8,0x00000000c9580000)
 Metaspace       used 60424K, committed 61760K, reserved 1114112K
  class space    used 6176K, committed 6784K, reserved 1048576K
}
Event: 8.627 GC heap before
{Heap before GC invocations=88 (full 6):
 PSYoungGen      total 9216K, used 7166K [0x00000000eab00000, 0x00000000eb600000, 0x0000000100000000)
  eden space 7168K, 99% used [0x00000000eab00000,0x00000000eb1ff9f8,0x00000000eb200000)
  from space 2048K, 0% used [0x00000000eb200000,0x00000000eb200000,0x00000000eb400000)
  to   space 2048K, 0% used [0x00000000eb400000,0x00000000eb400000,0x00000000eb600000)
 ParOldGen       total 153088K, used 127641K [0x00000000c0000000, 0x00000000c9580000, 0x00000000eab00000)
  object space 153088K, 83% used [0x00000000c0000000,0x00000000c7ca67d8,0x00000000c9580000)
 Metaspace       used 60472K, committed 61824K, reserved 1114112K
  class space    used 6181K, committed 6784K, reserved 1048576K
}
Event: 8.628 GC heap after
{Heap after GC invocations=88 (full 6):
 PSYoungGen      total 9216K, used 1707K [0x00000000eab00000, 0x00000000eb600000, 0x0000000100000000)
  eden space 7168K, 0% used [0x00000000eab00000,0x00000000eab00000,0x00000000eb200000)
  from space 2048K, 83% used [0x00000000eb400000,0x00000000eb5aad40,0x00000000eb600000)
  to   space 2048K, 0% used [0x00000000eb200000,0x00000000eb200000,0x00000000eb400000)
 ParOldGen       total 153088K, used 127641K [0x00000000c0000000, 0x00000000c9580000, 0x00000000eab00000)
  object space 153088K, 83% used [0x00000000c0000000,0x00000000c7ca67d8,0x00000000c9580000)
 Metaspace       used 60472K, committed 61824K, reserved 1114112K
  class space    used 6181K, committed 6784K, reserved 1048576K
}
Event: 8.641 GC heap before
{Heap before GC invocations=89 (full 6):
 PSYoungGen      total 9216K, used 8875K [0x00000000eab00000, 0x00000000eb600000, 0x0000000100000000)
  eden space 7168K, 100% used [0x00000000eab00000,0x00000000eb200000,0x00000000eb200000)
  from space 2048K, 83% used [0x00000000eb400000,0x00000000eb5aad40,0x00000000eb600000)
  to   space 2048K, 0% used [0x00000000eb200000,0x00000000eb200000,0x00000000eb400000)
 ParOldGen       total 153088K, used 127641K [0x00000000c0000000, 0x00000000c9580000, 0x00000000eab00000)
  object space 153088K, 83% used [0x00000000c0000000,0x00000000c7ca67d8,0x00000000c9580000)
 Metaspace       used 60566K, committed 61888K, reserved 1114112K
  class space    used 6190K, committed 6784K, reserved 1048576K
}

Dll operation events (13 events):
Event: 0.011 Loaded shared library C:\Program Files\Java\jdk-21\bin\java.dll
Event: 0.037 Loaded shared library C:\Program Files\Java\jdk-21\bin\jsvml.dll
Event: 0.082 Loaded shared library C:\Program Files\Java\jdk-21\bin\zip.dll
Event: 0.087 Loaded shared library C:\Program Files\Java\jdk-21\bin\instrument.dll
Event: 0.093 Loaded shared library C:\Program Files\Java\jdk-21\bin\net.dll
Event: 0.095 Loaded shared library C:\Program Files\Java\jdk-21\bin\nio.dll
Event: 0.098 Loaded shared library C:\Program Files\Java\jdk-21\bin\zip.dll
Event: 0.116 Loaded shared library C:\Program Files\Java\jdk-21\bin\jimage.dll
Event: 0.188 Loaded shared library C:\Program Files\Java\jdk-21\bin\verify.dll
Event: 1.001 Loaded shared library C:\Users\junio\AppData\Roaming\Code\User\globalStorage\redhat.java\1.41.1\config_win\org.eclipse.equinox.launcher\org.eclipse.equinox.launcher.win32.win32.x86_64_1.2.1300.v20250331-1702\eclipse_11911.dll
Event: 2.187 Loaded shared library C:\Users\junio\AppData\Local\Temp\jna-101487849\jna3103543861056239116.dll
Event: 3.523 Loaded shared library C:\Program Files\Java\jdk-21\bin\sunmscapi.dll
Event: 3.582 Loaded shared library C:\Program Files\Java\jdk-21\bin\extnet.dll

Deoptimization events (20 events):
Event: 8.444 Thread 0x0000020fffa4b8f0 DEOPT PACKING pc=0x0000020f80b6507a sp=0x0000005b271fd930
Event: 8.444 Thread 0x0000020fffa4b8f0 DEOPT UNPACKING pc=0x0000020f875878e2 sp=0x0000005b271fce40 mode 0
Event: 8.495 Thread 0x0000020fffa4b8f0 Uncommon trap: trap_request=0xffffffd6 fr.pc=0x0000020f87cf65e8 relative=0x00000000000000c8
Event: 8.495 Thread 0x0000020fffa4b8f0 Uncommon trap: reason=array_check action=maybe_recompile pc=0x0000020f87cf65e8 method=java.util.stream.Nodes$FixedNodeBuilder.accept(Ljava/lang/Object;)V @ 28 c2
Event: 8.495 Thread 0x0000020fffa4b8f0 DEOPT PACKING pc=0x0000020f87cf65e8 sp=0x0000005b271fc810
Event: 8.495 Thread 0x0000020fffa4b8f0 DEOPT UNPACKING pc=0x0000020f87586da2 sp=0x0000005b271fc790 mode 2
Event: 8.495 Thread 0x0000020fffa4b8f0 Uncommon trap: trap_request=0xffffffd6 fr.pc=0x0000020f87cf65e8 relative=0x00000000000000c8
Event: 8.495 Thread 0x0000020fffa4b8f0 Uncommon trap: reason=array_check action=maybe_recompile pc=0x0000020f87cf65e8 method=java.util.stream.Nodes$FixedNodeBuilder.accept(Ljava/lang/Object;)V @ 28 c2
Event: 8.495 Thread 0x0000020fffa4b8f0 DEOPT PACKING pc=0x0000020f87cf65e8 sp=0x0000005b271fc810
Event: 8.495 Thread 0x0000020fffa4b8f0 DEOPT UNPACKING pc=0x0000020f87586da2 sp=0x0000005b271fc790 mode 2
Event: 8.495 Thread 0x0000020fffa4b8f0 Uncommon trap: trap_request=0xffffffd6 fr.pc=0x0000020f87cf65e8 relative=0x00000000000000c8
Event: 8.495 Thread 0x0000020fffa4b8f0 Uncommon trap: reason=array_check action=maybe_recompile pc=0x0000020f87cf65e8 method=java.util.stream.Nodes$FixedNodeBuilder.accept(Ljava/lang/Object;)V @ 28 c2
Event: 8.495 Thread 0x0000020fffa4b8f0 DEOPT PACKING pc=0x0000020f87cf65e8 sp=0x0000005b271fc810
Event: 8.495 Thread 0x0000020fffa4b8f0 DEOPT UNPACKING pc=0x0000020f87586da2 sp=0x0000005b271fc790 mode 2
Event: 8.495 Thread 0x0000020fffa4b8f0 Uncommon trap: trap_request=0xffffffd6 fr.pc=0x0000020f87cf65e8 relative=0x00000000000000c8
Event: 8.495 Thread 0x0000020fffa4b8f0 Uncommon trap: reason=array_check action=maybe_recompile pc=0x0000020f87cf65e8 method=java.util.stream.Nodes$FixedNodeBuilder.accept(Ljava/lang/Object;)V @ 28 c2
Event: 8.495 Thread 0x0000020fffa4b8f0 DEOPT PACKING pc=0x0000020f87cf65e8 sp=0x0000005b271fc810
Event: 8.495 Thread 0x0000020fffa4b8f0 DEOPT UNPACKING pc=0x0000020f87586da2 sp=0x0000005b271fc790 mode 2
Event: 8.506 Thread 0x0000020fffa4b8f0 DEOPT PACKING pc=0x0000020f800a1cae sp=0x0000005b271fc6a0
Event: 8.506 Thread 0x0000020fffa4b8f0 DEOPT UNPACKING pc=0x0000020f875878e2 sp=0x0000005b271fbb40 mode 0

Classes loaded (20 events):
Event: 6.232 Loading class java/nio/file/Files$2
Event: 6.233 Loading class java/nio/file/Files$2 done
Event: 6.376 Loading class java/util/concurrent/ArrayBlockingQueue
Event: 6.376 Loading class java/util/concurrent/ArrayBlockingQueue done
Event: 6.475 Loading class java/util/Hashtable$ValueCollection
Event: 6.475 Loading class java/util/Hashtable$ValueCollection done
Event: 6.480 Loading class java/util/concurrent/ConcurrentHashMap$KeySpliterator
Event: 6.480 Loading class java/util/concurrent/ConcurrentHashMap$KeySpliterator done
Event: 6.487 Loading class sun/nio/ch/ChannelOutputStream
Event: 6.487 Loading class sun/nio/ch/ChannelOutputStream done
Event: 6.981 Loading class java/util/stream/ReferencePipeline$4
Event: 6.981 Loading class java/util/stream/ReferencePipeline$4 done
Event: 6.981 Loading class java/util/stream/Nodes$IntFixedNodeBuilder
Event: 6.981 Loading class java/util/stream/Node$Builder$OfInt
Event: 6.981 Loading class java/util/stream/Node$Builder$OfInt done
Event: 6.981 Loading class java/util/stream/Nodes$IntArrayNode
Event: 6.981 Loading class java/util/stream/Nodes$IntArrayNode done
Event: 6.981 Loading class java/util/stream/Nodes$IntFixedNodeBuilder done
Event: 6.981 Loading class java/util/stream/ReferencePipeline$4$1
Event: 6.982 Loading class java/util/stream/ReferencePipeline$4$1 done

Classes unloaded (7 events):
Event: 2.586 Thread 0x0000020feb4ce920 Unloading class 0x0000020f90185400 'java/lang/invoke/LambdaForm$MH+0x0000020f90185400'
Event: 2.586 Thread 0x0000020feb4ce920 Unloading class 0x0000020f90185000 'java/lang/invoke/LambdaForm$MH+0x0000020f90185000'
Event: 2.586 Thread 0x0000020feb4ce920 Unloading class 0x0000020f90184c00 'java/lang/invoke/LambdaForm$MH+0x0000020f90184c00'
Event: 2.586 Thread 0x0000020feb4ce920 Unloading class 0x0000020f90184800 'java/lang/invoke/LambdaForm$MH+0x0000020f90184800'
Event: 2.586 Thread 0x0000020feb4ce920 Unloading class 0x0000020f90184400 'java/lang/invoke/LambdaForm$BMH+0x0000020f90184400'
Event: 2.586 Thread 0x0000020feb4ce920 Unloading class 0x0000020f90184000 'java/lang/invoke/LambdaForm$DMH+0x0000020f90184000'
Event: 2.586 Thread 0x0000020feb4ce920 Unloading class 0x0000020f90182c00 'java/lang/invoke/LambdaForm$DMH+0x0000020f90182c00'

Classes redefined (0 events):
No events

Internal exceptions (20 events):
Event: 5.304 Thread 0x0000020ffe5fe560 Exception <a 'sun/nio/fs/WindowsException'{0x00000000ead75458}> (0x00000000ead75458) 
thrown [s\open\src\hotspot\share\prims\jni.cpp, line 520]
Event: 5.305 Thread 0x0000020ffe600cc0 Exception <a 'sun/nio/fs/WindowsException'{0x00000000eadb1600}> (0x00000000eadb1600) 
thrown [s\open\src\hotspot\share\prims\jni.cpp, line 520]
Event: 5.305 Thread 0x0000020ffe602070 Exception <a 'sun/nio/fs/WindowsException'{0x00000000ead406b0}> (0x00000000ead406b0) 
thrown [s\open\src\hotspot\share\prims\jni.cpp, line 520]
Event: 5.305 Thread 0x0000020fffa44ff0 Implicit null exception at 0x0000020f87c195fe to 0x0000020f87c19870
Event: 5.305 Thread 0x0000020fffa44ff0 Implicit null exception at 0x0000020f87b7681c to 0x0000020f87b776e0
Event: 5.307 Thread 0x0000020fffa44ff0 Exception <a 'java/lang/NoSuchMethodError'{0x00000000eadcb910}: 'java.lang.Object java.lang.invoke.Invokers$Holder.invokeExact_MT(java.lang.Object, int, java.lang.Object)'> (0x00000000eadcb910) 
thrown [s\open\src\hotspot\share\interpreter\linkResolver.cpp, line 773]
Event: 5.600 Thread 0x0000020fffa44ff0 Exception <a 'java/lang/NoClassDefFoundError'{0x00000000eb94c0c8}: com/google/inject/servlet/ServletModuleTargetVisitor> (0x00000000eb94c0c8) 
thrown [s\open\src\hotspot\share\classfile\systemDictionary.cpp, line 301]
Event: 5.792 Thread 0x0000020fffa44ff0 Implicit null exception at 0x0000020f87c81628 to 0x0000020f87c8177c
Event: 5.927 Thread 0x0000020fffa45680 Exception <a 'java/lang/IncompatibleClassChangeError'{0x00000000eadfc980}: Found class java.lang.Object, but interface was expected> (0x00000000eadfc980) 
thrown [s\open\src\hotspot\share\interpreter\linkResolver.cpp, line 840]
Event: 6.236 Thread 0x0000020fffa4b8f0 Exception <a 'java/lang/NoSuchMethodError'{0x00000000ead2bff8}: 'int java.lang.invoke.DirectMethodHandle$Holder.invokeSpecialIFC(java.lang.Object, java.lang.Object, java.lang.Object)'> (0x00000000ead2bff8) 
thrown [s\open\src\hotspot\share\interpreter\linkResolver.cpp, line 773]
Event: 6.453 Thread 0x0000020ffe605b80 Exception <a 'java/lang/NoSuchMethodError'{0x00000000eb252660}: 'void java.lang.invoke.DirectMethodHandle$Holder.invokeStatic(java.lang.Object, int, java.lang.Object)'> (0x00000000eb252660) 
thrown [s\open\src\hotspot\share\interpreter\linkResolver.cpp, line 773]
Event: 6.484 Thread 0x0000020fffa4b8f0 Exception <a 'java/lang/NoSuchMethodError'{0x00000000eb117c30}: 'java.lang.Object java.lang.invoke.DirectMethodHandle$Holder.newInvokeSpecial(java.lang.Object, java.lang.Object, int, int, java.lang.Object)'> (0x00000000eb117c30) 
thrown [s\open\src\hotspot\share\interpreter\linkResolver.cpp, line 773]
Event: 6.814 Thread 0x0000020ffce05ec0 Implicit null exception at 0x0000020f87f08fcb to 0x0000020f87f0f1ac
Event: 6.968 Thread 0x0000020ffe605b80 Implicit null exception at 0x0000020f87d3ae57 to 0x0000020f87d3ae92
Event: 7.178 Thread 0x0000020fffa4b8f0 Exception <a 'sun/nio/fs/WindowsException'{0x00000000eaf944d8}> (0x00000000eaf944d8) 
thrown [s\open\src\hotspot\share\prims\jni.cpp, line 520]
Event: 7.178 Thread 0x0000020fffa4abd0 Exception <a 'sun/nio/fs/WindowsException'{0x00000000eafb71c0}> (0x00000000eafb71c0) 
thrown [s\open\src\hotspot\share\prims\jni.cpp, line 520]
Event: 7.179 Thread 0x0000020ffe5febf0 Exception <a 'sun/nio/fs/WindowsException'{0x00000000eafe0238}> (0x00000000eafe0238) 
thrown [s\open\src\hotspot\share\prims\jni.cpp, line 520]
Event: 8.354 Thread 0x0000020fffa4b8f0 Implicit null exception at 0x0000020f87d52f87 to 0x0000020f87d53a58
Event: 8.371 Thread 0x0000020fffa4b8f0 Exception <a 'sun/nio/fs/WindowsException'{0x00000000eab4eb90}> (0x00000000eab4eb90) 
thrown [s\open\src\hotspot\share\prims\jni.cpp, line 520]
Event: 8.371 Thread 0x0000020fffa4b8f0 Exception <a 'sun/nio/fs/WindowsException'{0x00000000eab4f1c0}> (0x00000000eab4f1c0) 
thrown [s\open\src\hotspot\share\prims\jni.cpp, line 520]

ZGC Phase Switch (0 events):
No events

VM Operations (20 events):
Event: 8.389 Executing VM operation: ParallelGCFailedAllocation (Allocation Failure) done
Event: 8.403 Executing VM operation: ParallelGCFailedAllocation (Allocation Failure)
Event: 8.404 Executing VM operation: ParallelGCFailedAllocation (Allocation Failure) done
Event: 8.417 Executing VM operation: ParallelGCFailedAllocation (Allocation Failure)
Event: 8.419 Executing VM operation: ParallelGCFailedAllocation (Allocation Failure) done
Event: 8.436 Executing VM operation: ParallelGCFailedAllocation (Allocation Failure)
Event: 8.437 Executing VM operation: ParallelGCFailedAllocation (Allocation Failure) done
Event: 8.449 Executing VM operation: ParallelGCFailedAllocation (Allocation Failure)
Event: 8.452 Executing VM operation: ParallelGCFailedAllocation (Allocation Failure) done
Event: 8.464 Executing VM operation: ParallelGCFailedAllocation (Allocation Failure)
Event: 8.465 Executing VM operation: ParallelGCFailedAllocation (Allocation Failure) done
Event: 8.501 Executing VM operation: ParallelGCFailedAllocation (Allocation Failure)
Event: 8.503 Executing VM operation: ParallelGCFailedAllocation (Allocation Failure) done
Event: 8.524 Executing VM operation: HandshakeAllThreads (Deoptimize)
Event: 8.524 Executing VM operation: HandshakeAllThreads (Deoptimize) done
Event: 8.539 Executing VM operation: ParallelGCFailedAllocation (Allocation Failure)
Event: 8.609 Executing VM operation: ParallelGCFailedAllocation (Allocation Failure) done
Event: 8.627 Executing VM operation: ParallelGCFailedAllocation (Allocation Failure)
Event: 8.628 Executing VM operation: ParallelGCFailedAllocation (Allocation Failure) done
Event: 8.641 Executing VM operation: ParallelGCFailedAllocation (Allocation Failure)

Events (20 events):
Event: 8.573 Thread 0x0000020feb4ce920 flushing nmethod 0x0000020f80b08310
Event: 8.573 Thread 0x0000020feb4ce920 flushing nmethod 0x0000020f80b0a190
Event: 8.573 Thread 0x0000020feb4ce920 flushing nmethod 0x0000020f80b72a10
Event: 8.573 Thread 0x0000020feb4ce920 flushing nmethod 0x0000020f80bb1490
Event: 8.573 Thread 0x0000020feb4ce920 flushing nmethod 0x0000020f80be6090
Event: 8.573 Thread 0x0000020feb4ce920 flushing nmethod 0x0000020f80c9f490
Event: 8.573 Thread 0x0000020feb4ce920 flushing nmethod 0x0000020f80cdf690
Event: 8.573 Thread 0x0000020feb4ce920 flushing nmethod 0x0000020f80ce0210
Event: 8.573 Thread 0x0000020feb4ce920 flushing nmethod 0x0000020f80cf9b10
Event: 8.573 Thread 0x0000020feb4ce920 flushing nmethod 0x0000020f80d0e210
Event: 8.573 Thread 0x0000020feb4ce920 flushing nmethod 0x0000020f80d34f90
Event: 8.573 Thread 0x0000020feb4ce920 flushing nmethod 0x0000020f80d56110
Event: 8.573 Thread 0x0000020feb4ce920 flushing nmethod 0x0000020f80d7c490
Event: 8.573 Thread 0x0000020feb4ce920 flushing nmethod 0x0000020f80de2110
Event: 8.573 Thread 0x0000020feb4ce920 flushing nmethod 0x0000020f80e59b10
Event: 8.573 Thread 0x0000020feb4ce920 flushing nmethod 0x0000020f80f16110
Event: 8.573 Thread 0x0000020feb4ce920 flushing nmethod 0x0000020f80f5bd90
Event: 8.573 Thread 0x0000020feb4ce920 flushing nmethod 0x0000020f80f6c890
Event: 8.573 Thread 0x0000020feb4ce920 flushing nmethod 0x0000020f80f73790
Event: 8.573 Thread 0x0000020feb4ce920 flushing nmethod 0x0000020f80faf290


Dynamic libraries:
0x00007ff7a7190000 - 0x00007ff7a71a0000 	C:\Program Files\Java\jdk-21\bin\java.exe
0x00007ffd2b4a0000 - 0x00007ffd2b706000 	C:\WINDOWS\SYSTEM32\ntdll.dll
0x00007ffd2a890000 - 0x00007ffd2a959000 	C:\WINDOWS\System32\KERNEL32.DLL
0x00007ffd28630000 - 0x00007ffd289fc000 	C:\WINDOWS\System32\KERNELBASE.dll
0x00007ffd28fd0000 - 0x00007ffd2911b000 	C:\WINDOWS\System32\ucrtbase.dll
0x00007ffca3960000 - 0x00007ffca3979000 	C:\Program Files\Java\jdk-21\bin\jli.dll
0x00007ffd2b220000 - 0x00007ffd2b2d2000 	C:\WINDOWS\System32\ADVAPI32.dll
0x00007ffd2aac0000 - 0x00007ffd2ab69000 	C:\WINDOWS\System32\msvcrt.dll
0x00007ffd2a080000 - 0x00007ffd2a126000 	C:\WINDOWS\System32\sechost.dll
0x00007ffd2a9a0000 - 0x00007ffd2aab6000 	C:\WINDOWS\System32\RPCRT4.dll
0x00007ffd29d30000 - 0x00007ffd29efa000 	C:\WINDOWS\System32\USER32.dll
0x00007ffd28c00000 - 0x00007ffd28c27000 	C:\WINDOWS\System32\win32u.dll
0x00007ffd2a970000 - 0x00007ffd2a99b000 	C:\WINDOWS\System32\GDI32.dll
0x00007ffd29120000 - 0x00007ffd29252000 	C:\WINDOWS\System32\gdi32full.dll
0x00007ffd28a00000 - 0x00007ffd28aa3000 	C:\WINDOWS\System32\msvcp_win.dll
0x00007ffca3940000 - 0x00007ffca395b000 	C:\Program Files\Java\jdk-21\bin\VCRUNTIME140.dll
0x00007ffd0ea30000 - 0x00007ffd0ecca000 	C:\WINDOWS\WinSxS\amd64_microsoft.windows.common-controls_6595b64144ccf1df_6.0.26100.3912_none_3e07963ce335137e\COMCTL32.dll
0x00007ffd21920000 - 0x00007ffd2192b000 	C:\WINDOWS\SYSTEM32\VERSION.dll
0x00007ffd29990000 - 0x00007ffd299c0000 	C:\WINDOWS\System32\IMM32.DLL
0x00007ffca6ff0000 - 0x00007ffca6ffc000 	C:\Program Files\Java\jdk-21\bin\vcruntime140_1.dll
0x00007ffca38b0000 - 0x00007ffca393e000 	C:\Program Files\Java\jdk-21\bin\msvcp140.dll
0x00007ffca2b90000 - 0x00007ffca38aa000 	C:\Program Files\Java\jdk-21\bin\server\jvm.dll
0x00007ffd29a20000 - 0x00007ffd29a94000 	C:\WINDOWS\System32\WS2_32.dll
0x00007ffd27260000 - 0x00007ffd272be000 	C:\WINDOWS\SYSTEM32\POWRPROF.dll
0x00007ffd15d80000 - 0x00007ffd15db6000 	C:\WINDOWS\SYSTEM32\WINMM.dll
0x00007ffd27240000 - 0x00007ffd27254000 	C:\WINDOWS\SYSTEM32\UMPDC.dll
0x00007ffd27510000 - 0x00007ffd2752a000 	C:\WINDOWS\SYSTEM32\kernel.appcore.dll
0x00007ffca6e70000 - 0x00007ffca6e7a000 	C:\Program Files\Java\jdk-21\bin\jimage.dll
0x00007ffd25d00000 - 0x00007ffd25f41000 	C:\WINDOWS\SYSTEM32\DBGHELP.DLL
0x00007ffd2a500000 - 0x00007ffd2a884000 	C:\WINDOWS\System32\combase.dll
0x00007ffd29ba0000 - 0x00007ffd29c80000 	C:\WINDOWS\System32\OLEAUT32.dll
0x00007ffd0e780000 - 0x00007ffd0e7b9000 	C:\WINDOWS\SYSTEM32\dbgcore.DLL
0x00007ffd28c30000 - 0x00007ffd28cc9000 	C:\WINDOWS\System32\bcryptPrimitives.dll
0x00007ffca2b80000 - 0x00007ffca2b8f000 	C:\Program Files\Java\jdk-21\bin\instrument.dll
0x00007ffca2b60000 - 0x00007ffca2b7f000 	C:\Program Files\Java\jdk-21\bin\java.dll
0x00007ffd29260000 - 0x00007ffd2998d000 	C:\WINDOWS\System32\SHELL32.dll
0x00007ffd28e50000 - 0x00007ffd28fc4000 	C:\WINDOWS\System32\wintypes.dll
0x00007ffd262a0000 - 0x00007ffd26af6000 	C:\WINDOWS\SYSTEM32\windows.storage.dll
0x00007ffd29aa0000 - 0x00007ffd29b8f000 	C:\WINDOWS\System32\SHCORE.dll
0x00007ffd29f00000 - 0x00007ffd29f69000 	C:\WINDOWS\System32\shlwapi.dll
0x00007ffd28540000 - 0x00007ffd2856f000 	C:\WINDOWS\SYSTEM32\profapi.dll
0x00007ffca2a80000 - 0x00007ffca2b57000 	C:\Program Files\Java\jdk-21\bin\jsvml.dll
0x00007ffca29a0000 - 0x00007ffca29b8000 	C:\Program Files\Java\jdk-21\bin\zip.dll
0x00007ffca2990000 - 0x00007ffca29a0000 	C:\Program Files\Java\jdk-21\bin\net.dll
0x00007ffd22250000 - 0x00007ffd2236e000 	C:\WINDOWS\SYSTEM32\WINHTTP.dll
0x00007ffd27a80000 - 0x00007ffd27aea000 	C:\WINDOWS\system32\mswsock.dll
0x00007ffca2970000 - 0x00007ffca2986000 	C:\Program Files\Java\jdk-21\bin\nio.dll
0x00007ffca2940000 - 0x00007ffca2950000 	C:\Program Files\Java\jdk-21\bin\verify.dll
0x00007ffca64b0000 - 0x00007ffca64f5000 	C:\Users\junio\AppData\Roaming\Code\User\globalStorage\redhat.java\1.41.1\config_win\org.eclipse.equinox.launcher\org.eclipse.equinox.launcher.win32.win32.x86_64_1.2.1300.v20250331-1702\eclipse_11911.dll
0x00007ffd2a130000 - 0x00007ffd2a2cf000 	C:\WINDOWS\System32\ole32.dll
0x00007ffd27d20000 - 0x00007ffd27d3c000 	C:\WINDOWS\SYSTEM32\CRYPTSP.dll
0x00007ffd27470000 - 0x00007ffd274aa000 	C:\WINDOWS\system32\rsaenh.dll
0x00007ffd27b20000 - 0x00007ffd27b4b000 	C:\WINDOWS\SYSTEM32\USERENV.dll
0x00007ffd28510000 - 0x00007ffd28536000 	C:\WINDOWS\SYSTEM32\bcrypt.dll
0x00007ffd27d40000 - 0x00007ffd27d4c000 	C:\WINDOWS\SYSTEM32\CRYPTBASE.dll
0x00007ffd26e20000 - 0x00007ffd26e53000 	C:\WINDOWS\SYSTEM32\IPHLPAPI.DLL
0x00007ffd2a2e0000 - 0x00007ffd2a2ea000 	C:\WINDOWS\System32\NSI.dll
0x00007ffcff200000 - 0x00007ffcff249000 	C:\Users\junio\AppData\Local\Temp\jna-101487849\jna3103543861056239116.dll
0x00007ffd2a960000 - 0x00007ffd2a968000 	C:\WINDOWS\System32\PSAPI.DLL
0x00007ffd223b0000 - 0x00007ffd223cf000 	C:\WINDOWS\SYSTEM32\dhcpcsvc6.DLL
0x00007ffd22380000 - 0x00007ffd223a5000 	C:\WINDOWS\SYSTEM32\dhcpcsvc.DLL
0x00007ffd21760000 - 0x00007ffd2176e000 	C:\Program Files\Java\jdk-21\bin\sunmscapi.dll
0x00007ffd28cd0000 - 0x00007ffd28e47000 	C:\WINDOWS\System32\CRYPT32.dll
0x00007ffd27f30000 - 0x00007ffd27f60000 	C:\WINDOWS\SYSTEM32\ncrypt.dll
0x00007ffd27ee0000 - 0x00007ffd27f1f000 	C:\WINDOWS\SYSTEM32\NTASN1.dll
0x00007ffd26e60000 - 0x00007ffd26f87000 	C:\WINDOWS\SYSTEM32\DNSAPI.dll
0x00007ffd1acf0000 - 0x00007ffd1acfb000 	C:\Windows\System32\rasadhlp.dll
0x00007ffd1e730000 - 0x00007ffd1e739000 	C:\Program Files\Java\jdk-21\bin\extnet.dll

dbghelp: loaded successfully - version: 4.0.5 - missing functions: none
symbol engine: initialized successfully - sym options: 0x614 - pdb path: .;C:\Program Files\Java\jdk-21\bin;C:\WINDOWS\SYSTEM32;C:\WINDOWS\WinSxS\amd64_microsoft.windows.common-controls_6595b64144ccf1df_6.0.26100.3912_none_3e07963ce335137e;C:\Program Files\Java\jdk-21\bin\server;C:\Users\junio\AppData\Roaming\Code\User\globalStorage\redhat.java\1.41.1\config_win\org.eclipse.equinox.launcher\org.eclipse.equinox.launcher.win32.win32.x86_64_1.2.1300.v20250331-1702;C:\Users\junio\AppData\Local\Temp\jna-101487849

VM Arguments:
jvm_args: --add-modules=ALL-SYSTEM --add-opens=java.base/java.util=ALL-UNNAMED --add-opens=java.base/java.lang=ALL-UNNAMED --add-opens=java.base/sun.nio.fs=ALL-UNNAMED -Declipse.application=org.eclipse.jdt.ls.core.id1 -Dosgi.bundles.defaultStartLevel=4 -Declipse.product=org.eclipse.jdt.ls.core.product -Djava.import.generatesMetadataFilesAtProjectRoot=false -DDetectVMInstallationsJob.disabled=true -Dfile.encoding=utf8 -XX:+UseParallelGC -XX:GCTimeRatio=4 -XX:AdaptiveSizePolicyWeight=90 -Dsun.zip.disableMemoryMapping=true -Xmx1G -Xms100m -Xlog:disable -javaagent:c:\Users\junio\.vscode\extensions\redhat.java-1.41.1-win32-x64\lombok\lombok-1.18.36.jar -XX:+HeapDumpOnOutOfMemoryError -XX:HeapDumpPath=c:\Users\junio\AppData\Roaming\Code\User\workspaceStorage\07697f5fdff86dc581077ef0032e7e10\redhat.java -Daether.dependencyCollector.impl=bf 
java_command: c:\Users\junio\.vscode\extensions\redhat.java-1.41.1-win32-x64\server\plugins\org.eclipse.equinox.launcher_1.7.0.v20250331-1702.jar -configuration c:\Users\junio\AppData\Roaming\Code\User\globalStorage\redhat.java\1.41.1\config_win -data c:\Users\junio\AppData\Roaming\Code\User\workspaceStorage\07697f5fdff86dc581077ef0032e7e10\redhat.java\jdt_ws --pipe=\\.\pipe\lsp-aa2635714c0f9effa116807c7792519c-sock
java_class_path (initial): c:\Users\junio\.vscode\extensions\redhat.java-1.41.1-win32-x64\server\plugins\org.eclipse.equinox.launcher_1.7.0.v20250331-1702.jar
Launcher Type: SUN_STANDARD

[Global flags]
    uintx AdaptiveSizePolicyWeight                 = 90                                        {product} {command line}
     intx CICompilerCount                          = 4                                         {product} {ergonomic}
    uintx GCTimeRatio                              = 4                                         {product} {command line}
     bool HeapDumpOnOutOfMemoryError               = true                                   {manageable} {command line}
    ccstr HeapDumpPath                             = c:\Users\junio\AppData\Roaming\Code\User\workspaceStorage\07697f5fdff86dc581077ef0032e7e10\redhat.java         {manageable} {command line}
   size_t InitialHeapSize                          = 104857600                                 {product} {command line}
   size_t MaxHeapSize                              = 1073741824                                {product} {command line}
   size_t MaxNewSize                               = 357564416                                 {product} {ergonomic}
   size_t MinHeapDeltaBytes                        = 524288                                    {product} {ergonomic}
   size_t MinHeapSize                              = 104857600                                 {product} {command line}
   size_t NewSize                                  = 34603008                                  {product} {ergonomic}
    uintx NonNMethodCodeHeapSize                   = 5839372                                {pd product} {ergonomic}
    uintx NonProfiledCodeHeapSize                  = 122909434                              {pd product} {ergonomic}
   size_t OldSize                                  = 70254592                                  {product} {ergonomic}
    uintx ProfiledCodeHeapSize                     = 122909434                              {pd product} {ergonomic}
    uintx ReservedCodeCacheSize                    = 251658240                              {pd product} {ergonomic}
     bool SegmentedCodeCache                       = true                                      {product} {ergonomic}
   size_t SoftMaxHeapSize                          = 1073741824                             {manageable} {ergonomic}
     bool UseCompressedOops                        = true                           {product lp64_product} {ergonomic}
     bool UseLargePagesIndividualAllocation        = false                                  {pd product} {ergonomic}
     bool UseParallelGC                            = true                                      {product} {command line}

Logging:
Log output configuration:
 #0: stdout all=off uptime,level,tags foldmultilines=false
 #1: stderr all=off uptime,level,tags foldmultilines=false

Environment Variables:
JAVA_HOME=C:\Program Files\Java\jdk-21
PATH=C:\Program Files (x86)\VMware\VMware Workstation\bin\;c:\Users\junio\AppData\Local\Programs\cursor\resources\app\bin;C:\GTK\bin;C:\Program Files\Java\jdk-21\bin;C:\Program Files\Common Files\Oracle\Java\javapath;C:\Python311\Scripts\;C:\C:\Python311\;C:\WINDOWS\system32;C:\WINDOWS;C:\WINDOWS\System32\Wbem;C:\WINDOWS\System32\WindowsPowerShell\v1.0\;C:\WINDOWS\System32\OpenSSH\;C:\Program Files\nodejs\;C:\ProgramData\chocolatey\bin;C:\Program Files\Git\cmd;C:\Program Files\dotnet\;C:\Users\junio\AppData\Local\Android\Sdk;C:\Program Files\platform-tools;C:\xampp\php;C:\ProgramData\ComposerSetup\bin;C:\Python311;C:\Users\junio\scoop\shims;C:\Users\junio\AppData\Local\Microsoft\WindowsApps;C:\Users\junio\AppData\Roaming\npm;C:\Users\junio\AppData\Local\Programs\mongosh\;C:\Users\junio\.dotnet\tools;C:\Users\junio\AppData\Roaming\Composer\vendor\bin;C:\Users\junio\AppData\Local\GitHubDesktop\bin;C:\Users\junio\AppData\Local\Microsoft\WinGet\Links;C:\WINDOWS\system32;C:\WINDOWS;C:\WINDOWS\System32\Wbem;C:\WINDOWS\System32\WindowsPowerShell\v1.0\;C:\WINDOWS\System32\OpenSSH\;C:\apache-cassandra-5.0.3\bin;C:\RavenDB-7.0.0-windows-x64\Server;C:\Users\junio\.cargo\bin;C:\Users\junio\scoop\shims;C:\Users\junio\AppData\Local\Microsoft\WindowsApps;C:\Users\junio\AppData\Local\Programs\Microsoft VS Code\bin;C:\Users\junio\AppData\Roaming\npm;C:\Users\junio\AppData\Local\Programs\mongosh\;C:\Users\junio\.dotnet\tools;C:\Users\junio\AppData\Roaming\Composer\vendor\bin;C:\Users\junio\AppData\Local\GitHubDesktop\bin;C:\Python311;C:\apache-cassandra-5.0.3\bin;C:\Users\junio\AppData\Local\Programs\MiKTeX\miktex\bin\x64\;C:\Users\junio\AppData\Local\Programs\cursor\resources\app\bin
USERNAME=junio
OS=Windows_NT
PROCESSOR_IDENTIFIER=Intel64 Family 6 Model 140 Stepping 1, GenuineIntel
TMP=C:\Users\junio\AppData\Local\Temp
TEMP=C:\Users\junio\AppData\Local\Temp




Periodic native trim disabled

---------------  S Y S T E M  ---------------

OS:
 Windows 11 , 64 bit Build 26100 (10.0.26100.3912)
OS uptime: 1 days 20:05 hours
Hyper-V role detected

CPU: total 8 (initial active 8) (4 cores per cpu, 2 threads per core) family 6 model 140 stepping 1 microcode 0xb4, cx8, cmov, fxsr, ht, mmx, 3dnowpref, sse, sse2, sse3, ssse3, sse4.1, sse4.2, popcnt, lzcnt, tsc, tscinvbit, avx, avx2, aes, erms, clmul, bmi1, bmi2, adx, avx512f, avx512dq, avx512cd, avx512bw, avx512vl, sha, fma, vzeroupper, avx512_vpopcntdq, avx512_vpclmulqdq, avx512_vaes, avx512_vnni, clflush, clflushopt, clwb, avx512_vbmi2, avx512_vbmi, hv, rdtscp, rdpid, fsrm, gfni, avx512_bitalg, f16c, cet_ibt, cet_ss, avx512_ifma
Processor Information for all 8 processors :
  Max Mhz: 2803, Current Mhz: 2803, Mhz Limit: 2803

Memory: 4k page, system-wide physical 16057M (4908M free)
TotalPageFile size 20057M (AvailPageFile size 9M)
current process WorkingSet (physical memory assigned to process): 419M, peak: 423M
current process commit charge ("private bytes"): 435M, peak: 435M

vm_info: Java HotSpot(TM) 64-Bit Server VM (21.0.7+8-LTS-245) for windows-amd64 JRE (21.0.7+8-LTS-245), built on 2025-02-21T05:11:27Z by "mach5one" with MS VC++ 17.6 (VS2022)

END.
